Traceback (most recent call last):
  File "C:\Users\TMillaKoch\Anaconda3\envs\test\lib\site-packages\jupyter_cache\executors\utils.py", line 56, in single_nb_execution
    record_timing=False,
  File "C:\Users\TMillaKoch\Anaconda3\envs\test\lib\site-packages\nbclient\client.py", line 1204, in execute
    return NotebookClient(nb=nb, resources=resources, km=km, **kwargs).execute()
  File "C:\Users\TMillaKoch\Anaconda3\envs\test\lib\site-packages\nbclient\util.py", line 84, in wrapped
    return just_run(coro(*args, **kwargs))
  File "C:\Users\TMillaKoch\Anaconda3\envs\test\lib\site-packages\nbclient\util.py", line 62, in just_run
    return loop.run_until_complete(coro)
  File "C:\Users\TMillaKoch\Anaconda3\envs\test\lib\asyncio\base_events.py", line 568, in run_until_complete
    return future.result()
  File "C:\Users\TMillaKoch\Anaconda3\envs\test\lib\site-packages\nbclient\client.py", line 664, in async_execute
    cell, index, execution_count=self.code_cells_executed + 1
  File "C:\Users\TMillaKoch\Anaconda3\envs\test\lib\site-packages\nbclient\client.py", line 965, in async_execute_cell
    await self._check_raise_for_error(cell, cell_index, exec_reply)
  File "C:\Users\TMillaKoch\Anaconda3\envs\test\lib\site-packages\nbclient\client.py", line 862, in _check_raise_for_error
    raise CellExecutionError.from_cell_and_msg(cell, exec_reply_content)
nbclient.exceptions.CellExecutionError: An error occurred while executing the following cell:
------------------
#creating table 7
import pandas as pd
import numpy as np
import matplotlib as mpl

# df = pd.DataFrame([["Anadromous Salmon", "Available Habitat", "percantage of total linear habitat accessible", "<80%", "", "81-90%", ">90%", "Anadromous Salmon", "Available Habitat", "percantage of total linear habitat accessible", "<80%", "", "81-90%", ">90%"]],
#                   columns = pd.MultiIndex.from_product([['a', 'Indicator Ratings'],['target species', 'KEA', 'Indicator', 'Poor', 'Fair', 'Good', 'Very Good']]))

df = pd.DataFrame({"Barrier Types": pd.DataFrame([["Road-Stream Crossings","Lateral Barriers"],["Road-Stream Crossings","Lateral Barriers"]]),
                   "Extent": pd.DataFrame([['mew',"High",'mew', "Low", "Medium"],['mew',"High",'mew', "Low", "Medium"]], columns=['mew',"High",'mew', "Low", "Medium"])
                   })

df.style.hide_index()

------------------

[1;31m---------------------------------------------------------------------------[0m
[1;31mValueError[0m                                Traceback (most recent call last)
[1;32m~\AppData\Local\Temp\ipykernel_35572\3849460010.py[0m in [0;36m<module>[1;34m[0m
[0;32m      8[0m [1;33m[0m[0m
[0;32m      9[0m df = pd.DataFrame({"Barrier Types": pd.DataFrame([["Road-Stream Crossings","Lateral Barriers"],["Road-Stream Crossings","Lateral Barriers"]]),
[1;32m---> 10[1;33m                    [1;34m"Extent"[0m[1;33m:[0m [0mpd[0m[1;33m.[0m[0mDataFrame[0m[1;33m([0m[1;33m[[0m[1;33m[[0m[1;34m'mew'[0m[1;33m,[0m[1;34m"High"[0m[1;33m,[0m[1;34m'mew'[0m[1;33m,[0m [1;34m"Low"[0m[1;33m,[0m [1;34m"Medium"[0m[1;33m][0m[1;33m,[0m[1;33m[[0m[1;34m'mew'[0m[1;33m,[0m[1;34m"High"[0m[1;33m,[0m[1;34m'mew'[0m[1;33m,[0m [1;34m"Low"[0m[1;33m,[0m [1;34m"Medium"[0m[1;33m][0m[1;33m][0m[1;33m,[0m [0mcolumns[0m[1;33m=[0m[1;33m[[0m[1;34m'mew'[0m[1;33m,[0m[1;34m"High"[0m[1;33m,[0m[1;34m'mew'[0m[1;33m,[0m [1;34m"Low"[0m[1;33m,[0m [1;34m"Medium"[0m[1;33m][0m[1;33m)[0m[1;33m[0m[0m
[0m[0;32m     11[0m                    })
[0;32m     12[0m [1;33m[0m[0m

[1;32m~\Anaconda3\envs\test\lib\site-packages\pandas\core\frame.py[0m in [0;36m__init__[1;34m(self, data, index, columns, dtype, copy)[0m
[0;32m    466[0m [1;33m[0m[0m
[0;32m    467[0m         [1;32melif[0m [0misinstance[0m[1;33m([0m[0mdata[0m[1;33m,[0m [0mdict[0m[1;33m)[0m[1;33m:[0m[1;33m[0m[0m
[1;32m--> 468[1;33m             [0mmgr[0m [1;33m=[0m [0minit_dict[0m[1;33m([0m[0mdata[0m[1;33m,[0m [0mindex[0m[1;33m,[0m [0mcolumns[0m[1;33m,[0m [0mdtype[0m[1;33m=[0m[0mdtype[0m[1;33m)[0m[1;33m[0m[0m
[0m[0;32m    469[0m         [1;32melif[0m [0misinstance[0m[1;33m([0m[0mdata[0m[1;33m,[0m [0mma[0m[1;33m.[0m[0mMaskedArray[0m[1;33m)[0m[1;33m:[0m[1;33m[0m[0m
[0;32m    470[0m             [1;32mimport[0m [0mnumpy[0m[1;33m.[0m[0mma[0m[1;33m.[0m[0mmrecords[0m [1;32mas[0m [0mmrecords[0m[1;33m[0m[0m

[1;32m~\Anaconda3\envs\test\lib\site-packages\pandas\core\internals\construction.py[0m in [0;36minit_dict[1;34m(data, index, columns, dtype)[0m
[0;32m    281[0m             [0marr[0m [1;32mif[0m [1;32mnot[0m [0mis_datetime64tz_dtype[0m[1;33m([0m[0marr[0m[1;33m)[0m [1;32melse[0m [0marr[0m[1;33m.[0m[0mcopy[0m[1;33m([0m[1;33m)[0m [1;32mfor[0m [0marr[0m [1;32min[0m [0marrays[0m[1;33m[0m[0m
[0;32m    282[0m         ]
[1;32m--> 283[1;33m     [1;32mreturn[0m [0marrays_to_mgr[0m[1;33m([0m[0marrays[0m[1;33m,[0m [0mdata_names[0m[1;33m,[0m [0mindex[0m[1;33m,[0m [0mcolumns[0m[1;33m,[0m [0mdtype[0m[1;33m=[0m[0mdtype[0m[1;33m)[0m[1;33m[0m[0m
[0m[0;32m    284[0m [1;33m[0m[0m
[0;32m    285[0m [1;33m[0m[0m

[1;32m~\Anaconda3\envs\test\lib\site-packages\pandas\core\internals\construction.py[0m in [0;36marrays_to_mgr[1;34m(arrays, arr_names, index, columns, dtype, verify_integrity)[0m
[0;32m     76[0m         [1;31m# figure out the index, if necessary[0m[1;33m[0m[1;33m[0m[0m
[0;32m     77[0m         [1;32mif[0m [0mindex[0m [1;32mis[0m [1;32mNone[0m[1;33m:[0m[1;33m[0m[0m
[1;32m---> 78[1;33m             [0mindex[0m [1;33m=[0m [0mextract_index[0m[1;33m([0m[0marrays[0m[1;33m)[0m[1;33m[0m[0m
[0m[0;32m     79[0m         [1;32melse[0m[1;33m:[0m[1;33m[0m[0m
[0;32m     80[0m             [0mindex[0m [1;33m=[0m [0mensure_index[0m[1;33m([0m[0mindex[0m[1;33m)[0m[1;33m[0m[0m

[1;32m~\Anaconda3\envs\test\lib\site-packages\pandas\core\internals\construction.py[0m in [0;36mextract_index[1;34m(data)[0m
[0;32m    385[0m [1;33m[0m[0m
[0;32m    386[0m         [1;32mif[0m [1;32mnot[0m [0mindexes[0m [1;32mand[0m [1;32mnot[0m [0mraw_lengths[0m[1;33m:[0m[1;33m[0m[0m
[1;32m--> 387[1;33m             [1;32mraise[0m [0mValueError[0m[1;33m([0m[1;34m"If using all scalar values, you must pass an index"[0m[1;33m)[0m[1;33m[0m[0m
[0m[0;32m    388[0m [1;33m[0m[0m
[0;32m    389[0m         [1;32mif[0m [0mhave_series[0m[1;33m:[0m[1;33m[0m[0m

[1;31mValueError[0m: If using all scalar values, you must pass an index
ValueError: If using all scalar values, you must pass an index

